actionid=pep8
msg=developpkg
cmdargs=[local('/home/armax/workspace/openstack/neutron/.tox/pep8/bin/pip'), 'install', '-U', '-e', '/home/armax/workspace/openstack/neutron']
env={'PYTHONIOENCODING': 'utf_8', 'LESSOPEN': '| /usr/bin/lesspipe %s', 'SSH_CLIENT': '192.168.56.1 60056 22', 'LOGNAME': 'armax', 'USER': 'armax', 'PATH': '/home/armax/workspace/openstack/neutron/.tox/pep8/bin:/usr/local/sbin:/usr/local/bin:/usr/sbin:/usr/bin:/sbin:/bin:/usr/games:/usr/local/games', 'HOME': '/home/armax', 'LANG': 'en_US.UTF-8', 'TERM': 'xterm-256color', 'SHELL': '/bin/bash', 'SHLVL': '1', 'QT_QPA_PLATFORMTHEME': 'appmenu-qt5', 'PYTHONHASHSEED': '0', 'XDG_RUNTIME_DIR': '/run/user/1000', 'SSH_AUTH_SOCK': '/tmp/ssh-zxsXH23di9/agent.3385', 'VIRTUAL_ENV': '/home/armax/workspace/openstack/neutron/.tox/pep8', 'XDG_SESSION_ID': '1', '_': '/usr/local/bin/tox', 'LS_COLORS': 'rs=0:di=01;34:ln=01;36:mh=00:pi=40;33:so=01;35:do=01;35:bd=40;33;01:cd=40;33;01:or=40;31;01:su=37;41:sg=30;43:ca=30;41:tw=30;42:ow=34;42:st=37;44:ex=01;32:*.tar=01;31:*.tgz=01;31:*.arj=01;31:*.taz=01;31:*.lzh=01;31:*.lzma=01;31:*.tlz=01;31:*.txz=01;31:*.zip=01;31:*.z=01;31:*.Z=01;31:*.dz=01;31:*.gz=01;31:*.lz=01;31:*.xz=01;31:*.bz2=01;31:*.bz=01;31:*.tbz=01;31:*.tbz2=01;31:*.tz=01;31:*.deb=01;31:*.rpm=01;31:*.jar=01;31:*.war=01;31:*.ear=01;31:*.sar=01;31:*.rar=01;31:*.ace=01;31:*.zoo=01;31:*.cpio=01;31:*.7z=01;31:*.rz=01;31:*.jpg=01;35:*.jpeg=01;35:*.gif=01;35:*.bmp=01;35:*.pbm=01;35:*.pgm=01;35:*.ppm=01;35:*.tga=01;35:*.xbm=01;35:*.xpm=01;35:*.tif=01;35:*.tiff=01;35:*.png=01;35:*.svg=01;35:*.svgz=01;35:*.mng=01;35:*.pcx=01;35:*.mov=01;35:*.mpg=01;35:*.mpeg=01;35:*.m2v=01;35:*.mkv=01;35:*.webm=01;35:*.ogm=01;35:*.mp4=01;35:*.m4v=01;35:*.mp4v=01;35:*.vob=01;35:*.qt=01;35:*.nuv=01;35:*.wmv=01;35:*.asf=01;35:*.rm=01;35:*.rmvb=01;35:*.flc=01;35:*.avi=01;35:*.fli=01;35:*.flv=01;35:*.gl=01;35:*.dl=01;35:*.xcf=01;35:*.xwd=01;35:*.yuv=01;35:*.cgm=01;35:*.emf=01;35:*.axv=01;35:*.anx=01;35:*.ogv=01;35:*.ogx=01;35:*.aac=00;36:*.au=00;36:*.flac=00;36:*.mid=00;36:*.midi=00;36:*.mka=00;36:*.mp3=00;36:*.mpc=00;36:*.ogg=00;36:*.ra=00;36:*.wav=00;36:*.axa=00;36:*.oga=00;36:*.spx=00;36:*.xspf=00;36:', 'LESSCLOSE': '/usr/bin/lesspipe %s %s', 'SSH_TTY': '/dev/pts/2', 'OLDPWD': '/home/armax', 'PWD': '/home/armax/workspace/openstack/neutron', 'PIP_DOWNLOAD_CACHE': '/home/armax/.pip_download_cache', 'MAIL': '/var/mail/armax', 'SSH_CONNECTION': '192.168.56.1 60056 192.168.56.101 22'}
DEPRECATION: --download-cache has been deprecated and will be removed in the future. Pip now automatically uses and configures its cache.
Obtaining file:///home/armax/workspace/openstack/neutron
    [pbr] Reusing existing SOURCES.txt
Requirement already up-to-date: pbr!=0.7,<1.0,>=0.6 in ./.tox/pep8/lib/python2.7/site-packages (from neutron==2015.1.dev289)
Requirement already up-to-date: Paste in ./.tox/pep8/lib/python2.7/site-packages (from neutron==2015.1.dev289)
Requirement already up-to-date: PasteDeploy>=1.5.0 in ./.tox/pep8/lib/python2.7/site-packages (from neutron==2015.1.dev289)
Requirement already up-to-date: Routes!=2.0,>=1.12.3 in ./.tox/pep8/lib/python2.7/site-packages (from neutron==2015.1.dev289)
Requirement already up-to-date: eventlet>=0.15.2 in ./.tox/pep8/lib/python2.7/site-packages (from neutron==2015.1.dev289)
Requirement already up-to-date: greenlet>=0.3.2 in ./.tox/pep8/lib/python2.7/site-packages (from neutron==2015.1.dev289)
Requirement already up-to-date: httplib2>=0.7.5 in ./.tox/pep8/lib/python2.7/site-packages (from neutron==2015.1.dev289)
Requirement already up-to-date: requests!=2.4.0,>=2.2.0 in ./.tox/pep8/lib/python2.7/site-packages (from neutron==2015.1.dev289)
Requirement already up-to-date: jsonrpclib in ./.tox/pep8/lib/python2.7/site-packages (from neutron==2015.1.dev289)
Requirement already up-to-date: Jinja2>=2.6 in ./.tox/pep8/lib/python2.7/site-packages (from neutron==2015.1.dev289)
Requirement already up-to-date: keystonemiddleware>=1.0.0 in ./.tox/pep8/lib/python2.7/site-packages (from neutron==2015.1.dev289)
Requirement already up-to-date: netaddr>=0.7.12 in ./.tox/pep8/lib/python2.7/site-packages (from neutron==2015.1.dev289)
Requirement already up-to-date: python-neutronclient<3,>=2.3.6 in ./.tox/pep8/lib/python2.7/site-packages (from neutron==2015.1.dev289)
Requirement already up-to-date: retrying!=1.3.0,>=1.2.3 in ./.tox/pep8/lib/python2.7/site-packages (from neutron==2015.1.dev289)
Requirement already up-to-date: SQLAlchemy<=0.9.99,>=0.9.7 in ./.tox/pep8/lib/python2.7/site-packages (from neutron==2015.1.dev289)
Requirement already up-to-date: WebOb>=1.2.3 in ./.tox/pep8/lib/python2.7/site-packages (from neutron==2015.1.dev289)
Requirement already up-to-date: python-keystoneclient>=0.11.1 in ./.tox/pep8/lib/python2.7/site-packages (from neutron==2015.1.dev289)
Requirement already up-to-date: alembic>=0.7.1 in ./.tox/pep8/lib/python2.7/site-packages (from neutron==2015.1.dev289)
Requirement already up-to-date: six>=1.7.0 in ./.tox/pep8/lib/python2.7/site-packages (from neutron==2015.1.dev289)
Requirement already up-to-date: stevedore>=1.1.0 in ./.tox/pep8/lib/python2.7/site-packages (from neutron==2015.1.dev289)
Requirement already up-to-date: oslo.config>=1.6.0 in ./.tox/pep8/lib/python2.7/site-packages (from neutron==2015.1.dev289)
Requirement already up-to-date: oslo.context>=0.1.0 in ./.tox/pep8/lib/python2.7/site-packages (from neutron==2015.1.dev289)
Requirement already up-to-date: oslo.db>=1.3.0 in ./.tox/pep8/lib/python2.7/site-packages (from neutron==2015.1.dev289)
Requirement already up-to-date: oslo.i18n>=1.0.0 in ./.tox/pep8/lib/python2.7/site-packages (from neutron==2015.1.dev289)
Requirement already up-to-date: oslo.messaging!=1.5.0,>=1.4.0 in ./.tox/pep8/lib/python2.7/site-packages (from neutron==2015.1.dev289)
Requirement already up-to-date: oslo.middleware>=0.3.0 in ./.tox/pep8/lib/python2.7/site-packages (from neutron==2015.1.dev289)
Requirement already up-to-date: oslo.rootwrap>=1.3.0 in ./.tox/pep8/lib/python2.7/site-packages (from neutron==2015.1.dev289)
Requirement already up-to-date: oslo.serialization>=1.2.0 in ./.tox/pep8/lib/python2.7/site-packages (from neutron==2015.1.dev289)
Requirement already up-to-date: oslo.utils>=1.2.0 in ./.tox/pep8/lib/python2.7/site-packages (from neutron==2015.1.dev289)
Requirement already up-to-date: python-novaclient>=2.18.0 in ./.tox/pep8/lib/python2.7/site-packages (from neutron==2015.1.dev289)
Requirement already up-to-date: pip in ./.tox/pep8/lib/python2.7/site-packages (from pbr!=0.7,<1.0,>=0.6->neutron==2015.1.dev289)
Requirement already up-to-date: repoze.lru>=0.3 in ./.tox/pep8/lib/python2.7/site-packages (from Routes!=2.0,>=1.12.3->neutron==2015.1.dev289)
Requirement already up-to-date: markupsafe in ./.tox/pep8/lib/python2.7/site-packages (from Jinja2>=2.6->neutron==2015.1.dev289)
Requirement already up-to-date: pycadf>=0.6.0 in ./.tox/pep8/lib/python2.7/site-packages (from keystonemiddleware>=1.0.0->neutron==2015.1.dev289)
Requirement already up-to-date: iso8601>=0.1.9 in ./.tox/pep8/lib/python2.7/site-packages (from keystonemiddleware>=1.0.0->neutron==2015.1.dev289)
Requirement already up-to-date: Babel>=1.3 in ./.tox/pep8/lib/python2.7/site-packages (from keystonemiddleware>=1.0.0->neutron==2015.1.dev289)
Collecting argparse from https://pypi.python.org/packages/2.7/a/argparse/argparse-1.3.0-py2.py3-none-any.whl#md5=c89395a1a43b61ca6a116aed5e3b1d59 (from python-neutronclient<3,>=2.3.6->neutron==2015.1.dev289)
  Using cached argparse-1.3.0-py2.py3-none-any.whl
Requirement already up-to-date: cliff>=1.7.0 in ./.tox/pep8/lib/python2.7/site-packages (from python-neutronclient<3,>=2.3.6->neutron==2015.1.dev289)
Requirement already up-to-date: simplejson>=2.2.0 in ./.tox/pep8/lib/python2.7/site-packages (from python-neutronclient<3,>=2.3.6->neutron==2015.1.dev289)
Requirement already up-to-date: PrettyTable<0.8,>=0.7 in ./.tox/pep8/lib/python2.7/site-packages (from python-keystoneclient>=0.11.1->neutron==2015.1.dev289)
Requirement already up-to-date: Mako in ./.tox/pep8/lib/python2.7/site-packages (from alembic>=0.7.1->neutron==2015.1.dev289)
Requirement already up-to-date: sqlalchemy-migrate!=0.9.2,>=0.9.1 in ./.tox/pep8/lib/python2.7/site-packages (from oslo.db>=1.3.0->neutron==2015.1.dev289)
Requirement already up-to-date: PyYAML>=3.1.0 in ./.tox/pep8/lib/python2.7/site-packages (from oslo.messaging!=1.5.0,>=1.4.0->neutron==2015.1.dev289)
Requirement already up-to-date: kombu>=2.5.0 in ./.tox/pep8/lib/python2.7/site-packages (from oslo.messaging!=1.5.0,>=1.4.0->neutron==2015.1.dev289)
Requirement already up-to-date: netifaces>=0.10.4 in ./.tox/pep8/lib/python2.7/site-packages (from oslo.utils>=1.2.0->neutron==2015.1.dev289)
Requirement already up-to-date: pytz>=2010h in ./.tox/pep8/lib/python2.7/site-packages (from pycadf>=0.6.0->keystonemiddleware>=1.0.0->neutron==2015.1.dev289)
Requirement already up-to-date: posix-ipc in ./.tox/pep8/lib/python2.7/site-packages (from pycadf>=0.6.0->keystonemiddleware>=1.0.0->neutron==2015.1.dev289)
Requirement already up-to-date: cmd2>=0.6.7 in ./.tox/pep8/lib/python2.7/site-packages (from cliff>=1.7.0->python-neutronclient<3,>=2.3.6->neutron==2015.1.dev289)
Requirement already up-to-date: pyparsing>=2.0.1 in ./.tox/pep8/lib/python2.7/site-packages (from cliff>=1.7.0->python-neutronclient<3,>=2.3.6->neutron==2015.1.dev289)
Requirement already up-to-date: sqlparse in ./.tox/pep8/lib/python2.7/site-packages (from sqlalchemy-migrate!=0.9.2,>=0.9.1->oslo.db>=1.3.0->neutron==2015.1.dev289)
Requirement already up-to-date: decorator in ./.tox/pep8/lib/python2.7/site-packages (from sqlalchemy-migrate!=0.9.2,>=0.9.1->oslo.db>=1.3.0->neutron==2015.1.dev289)
Requirement already up-to-date: Tempita>=0.4 in ./.tox/pep8/lib/python2.7/site-packages (from sqlalchemy-migrate!=0.9.2,>=0.9.1->oslo.db>=1.3.0->neutron==2015.1.dev289)
Requirement already up-to-date: amqp<2.0,>=1.4.5 in ./.tox/pep8/lib/python2.7/site-packages (from kombu>=2.5.0->oslo.messaging!=1.5.0,>=1.4.0->neutron==2015.1.dev289)
Requirement already up-to-date: anyjson>=0.3.3 in ./.tox/pep8/lib/python2.7/site-packages (from kombu>=2.5.0->oslo.messaging!=1.5.0,>=1.4.0->neutron==2015.1.dev289)
Installing collected packages: argparse, neutron
  Found existing installation: argparse 1.2.1
    Not uninstalling argparse at /usr/lib/python2.7, outside environment /home/armax/workspace/openstack/neutron/.tox/pep8

  Running setup.py develop for neutron
    [pbr] Reusing existing SOURCES.txt
    Creating /home/armax/workspace/openstack/neutron/.tox/pep8/lib/python2.7/site-packages/neutron.egg-link (link to .)
    Adding neutron 2015.1.dev289 to easy-install.pth file
    Installing neutron-openvswitch-agent script to /home/armax/workspace/openstack/neutron/.tox/pep8/bin
    Installing neutron-check-nsx-config script to /home/armax/workspace/openstack/neutron/.tox/pep8/bin
    Installing neutron-nec-agent script to /home/armax/workspace/openstack/neutron/.tox/pep8/bin
    Installing neutron-rootwrap script to /home/armax/workspace/openstack/neutron/.tox/pep8/bin
    Installing neutron-ovs-cleanup script to /home/armax/workspace/openstack/neutron/.tox/pep8/bin
    Installing neutron-ns-metadata-proxy script to /home/armax/workspace/openstack/neutron/.tox/pep8/bin
    Installing neutron-debug script to /home/armax/workspace/openstack/neutron/.tox/pep8/bin
    Installing neutron-cisco-cfg-agent script to /home/armax/workspace/openstack/neutron/.tox/pep8/bin
    Installing neutron-ibm-agent script to /home/armax/workspace/openstack/neutron/.tox/pep8/bin
    Installing neutron-linuxbridge-agent script to /home/armax/workspace/openstack/neutron/.tox/pep8/bin
    Installing neutron-usage-audit script to /home/armax/workspace/openstack/neutron/.tox/pep8/bin
    Installing neutron-nsx-manage script to /home/armax/workspace/openstack/neutron/.tox/pep8/bin
    Installing neutron-dhcp-agent script to /home/armax/workspace/openstack/neutron/.tox/pep8/bin
    Installing neutron-mlnx-agent script to /home/armax/workspace/openstack/neutron/.tox/pep8/bin
    Installing neutron-sanity-check script to /home/armax/workspace/openstack/neutron/.tox/pep8/bin
    Installing neutron-nvsd-agent script to /home/armax/workspace/openstack/neutron/.tox/pep8/bin
    Installing neutron-sriov-nic-agent script to /home/armax/workspace/openstack/neutron/.tox/pep8/bin
    Installing neutron-metering-agent script to /home/armax/workspace/openstack/neutron/.tox/pep8/bin
    Installing neutron-server script to /home/armax/workspace/openstack/neutron/.tox/pep8/bin
    Installing neutron-l3-agent script to /home/armax/workspace/openstack/neutron/.tox/pep8/bin
    Installing neutron-restproxy-agent script to /home/armax/workspace/openstack/neutron/.tox/pep8/bin
    Installing neutron-db-manage script to /home/armax/workspace/openstack/neutron/.tox/pep8/bin
    Installing neutron-netns-cleanup script to /home/armax/workspace/openstack/neutron/.tox/pep8/bin
    Installing neutron-metadata-agent script to /home/armax/workspace/openstack/neutron/.tox/pep8/bin
    Installing neutron-ofagent-agent script to /home/armax/workspace/openstack/neutron/.tox/pep8/bin
    Installing neutron-hyperv-agent script to /home/armax/workspace/openstack/neutron/.tox/pep8/bin
    Installing neutron-rootwrap script to /home/armax/workspace/openstack/neutron/.tox/pep8/bin
    Installing neutron-rootwrap-xen-dom0 script to /home/armax/workspace/openstack/neutron/.tox/pep8/bin
    Installed /home/armax/workspace/openstack/neutron
Successfully installed argparse-1.2.1 neutron
